2025-09-02T09:54:19.982+05:30  INFO 13628 --- [USER-AUTHENTICATION-SERVICE] [restartedMain] c.example.CarerOutfitServerApplication   : Starting CarerOutfitServerApplication using Java 21.0.7 with PID 13628 (C:\Users\harsh\Documents\workspace-spring-tools-for-eclipse-4.31.0.RELEASE\UserAuth-Server\target\classes started by harsh in C:\Users\harsh\Documents\workspace-spring-tools-for-eclipse-4.31.0.RELEASE\UserAuth-Server)
2025-09-02T09:54:19.992+05:30  INFO 13628 --- [USER-AUTHENTICATION-SERVICE] [restartedMain] c.example.CarerOutfitServerApplication   : No active profile set, falling back to 1 default profile: "default"
2025-09-02T09:54:20.093+05:30  INFO 13628 --- [USER-AUTHENTICATION-SERVICE] [restartedMain] o.s.c.c.c.ConfigServerConfigDataLoader   : Fetching config from server at : http://localhost:8079
2025-09-02T09:54:20.094+05:30  INFO 13628 --- [USER-AUTHENTICATION-SERVICE] [restartedMain] o.s.c.c.c.ConfigServerConfigDataLoader   : Located environment: name=USER-AUTHENTICATION-SERVICE, profiles=[default], label=null, version=14dadc3e11ddbe0225635e5e5bfece5c2269a127, state=
2025-09-02T09:54:20.097+05:30  INFO 13628 --- [USER-AUTHENTICATION-SERVICE] [restartedMain] .e.DevToolsPropertyDefaultsPostProcessor : Devtools property defaults active! Set 'spring.devtools.add-properties' to 'false' to disable
2025-09-02T09:54:20.097+05:30  INFO 13628 --- [USER-AUTHENTICATION-SERVICE] [restartedMain] .e.DevToolsPropertyDefaultsPostProcessor : For additional web related logging consider setting the 'logging.level.web' property to 'DEBUG'
2025-09-02T09:54:22.384+05:30  INFO 13628 --- [USER-AUTHENTICATION-SERVICE] [restartedMain] .s.d.r.c.RepositoryConfigurationDelegate : Bootstrapping Spring Data JPA repositories in DEFAULT mode.
2025-09-02T09:54:22.663+05:30  INFO 13628 --- [USER-AUTHENTICATION-SERVICE] [restartedMain] .s.d.r.c.RepositoryConfigurationDelegate : Finished Spring Data repository scanning in 264 ms. Found 2 JPA repository interfaces.
2025-09-02T09:54:22.997+05:30  INFO 13628 --- [USER-AUTHENTICATION-SERVICE] [restartedMain] o.s.cloud.context.scope.GenericScope     : BeanFactory id=65e4dd6f-706b-389a-bedb-4d63ccb4804f
2025-09-02T09:54:23.862+05:30  INFO 13628 --- [USER-AUTHENTICATION-SERVICE] [restartedMain] o.s.b.w.embedded.tomcat.TomcatWebServer  : Tomcat initialized with port 8087 (http)
2025-09-02T09:54:23.897+05:30  INFO 13628 --- [USER-AUTHENTICATION-SERVICE] [restartedMain] o.apache.catalina.core.StandardService   : Starting service [Tomcat]
2025-09-02T09:54:23.897+05:30  INFO 13628 --- [USER-AUTHENTICATION-SERVICE] [restartedMain] o.apache.catalina.core.StandardEngine    : Starting Servlet engine: [Apache Tomcat/10.1.44]
2025-09-02T09:54:24.007+05:30  INFO 13628 --- [USER-AUTHENTICATION-SERVICE] [restartedMain] o.a.c.c.C.[Tomcat].[localhost].[/]       : Initializing Spring embedded WebApplicationContext
2025-09-02T09:54:24.008+05:30  INFO 13628 --- [USER-AUTHENTICATION-SERVICE] [restartedMain] w.s.c.ServletWebServerApplicationContext : Root WebApplicationContext: initialization completed in 3910 ms
2025-09-02T09:54:24.700+05:30  INFO 13628 --- [USER-AUTHENTICATION-SERVICE] [restartedMain] o.hibernate.jpa.internal.util.LogHelper  : HHH000204: Processing PersistenceUnitInfo [name: default]
2025-09-02T09:54:24.808+05:30  INFO 13628 --- [USER-AUTHENTICATION-SERVICE] [restartedMain] org.hibernate.Version                    : HHH000412: Hibernate ORM core version 6.6.26.Final
2025-09-02T09:54:24.870+05:30  INFO 13628 --- [USER-AUTHENTICATION-SERVICE] [restartedMain] o.h.c.internal.RegionFactoryInitiator    : HHH000026: Second-level cache disabled
2025-09-02T09:54:25.445+05:30  INFO 13628 --- [USER-AUTHENTICATION-SERVICE] [restartedMain] o.s.o.j.p.SpringPersistenceUnitInfo      : No LoadTimeWeaver setup: ignoring JPA class transformer
2025-09-02T09:54:25.524+05:30  INFO 13628 --- [USER-AUTHENTICATION-SERVICE] [restartedMain] com.zaxxer.hikari.HikariDataSource       : HikariPool-1 - Starting...
2025-09-02T09:54:26.706+05:30  INFO 13628 --- [USER-AUTHENTICATION-SERVICE] [restartedMain] com.zaxxer.hikari.pool.HikariPool        : HikariPool-1 - Added connection com.mysql.cj.jdbc.ConnectionImpl@65e099b1
2025-09-02T09:54:26.713+05:30  INFO 13628 --- [USER-AUTHENTICATION-SERVICE] [restartedMain] com.zaxxer.hikari.HikariDataSource       : HikariPool-1 - Start completed.
2025-09-02T09:54:26.985+05:30  INFO 13628 --- [USER-AUTHENTICATION-SERVICE] [restartedMain] org.hibernate.orm.connections.pooling    : HHH10001005: Database info:
	Database JDBC URL [Connecting through datasource 'HikariDataSource (HikariPool-1)']
	Database driver: undefined/unknown
	Database version: 8.0.43
	Autocommit mode: undefined/unknown
	Isolation level: undefined/unknown
	Minimum pool size: undefined/unknown
	Maximum pool size: undefined/unknown
2025-09-02T09:54:28.723+05:30  INFO 13628 --- [USER-AUTHENTICATION-SERVICE] [restartedMain] o.h.e.t.j.p.i.JtaPlatformInitiator       : HHH000489: No JTA platform available (set 'hibernate.transaction.jta.platform' to enable JTA platform integration)
2025-09-02T09:54:29.045+05:30  INFO 13628 --- [USER-AUTHENTICATION-SERVICE] [restartedMain] j.LocalContainerEntityManagerFactoryBean : Initialized JPA EntityManagerFactory for persistence unit 'default'
2025-09-02T09:54:29.785+05:30 DEBUG 13628 --- [USER-AUTHENTICATION-SERVICE] [restartedMain] org.hibernate.SQL                        : 
    select
        u1_0.id,
        u1_0.email,
        u1_0.name,
        u1_0.password,
        u1_0.user_role 
    from
        user u1_0 
    where
        u1_0.user_role=?
2025-09-02T09:54:29.975+05:30  INFO 13628 --- [USER-AUTHENTICATION-SERVICE] [restartedMain] eAuthenticationProviderManagerConfigurer : Global AuthenticationManager configured with AuthenticationProvider bean with name authenticationProvider
2025-09-02T09:54:30.072+05:30  WARN 13628 --- [USER-AUTHENTICATION-SERVICE] [restartedMain] JpaBaseConfiguration$JpaWebConfiguration : spring.jpa.open-in-view is enabled by default. Therefore, database queries may be performed during view rendering. Explicitly configure spring.jpa.open-in-view to disable this warning
2025-09-02T09:54:30.954+05:30  INFO 13628 --- [USER-AUTHENTICATION-SERVICE] [restartedMain] o.s.b.a.e.web.EndpointLinksResolver      : Exposing 17 endpoints beneath base path '/actuator'
2025-09-02T09:54:32.083+05:30  INFO 13628 --- [USER-AUTHENTICATION-SERVICE] [restartedMain] o.s.b.d.a.OptionalLiveReloadServer       : LiveReload server is running on port 35729
2025-09-02T09:54:32.157+05:30  INFO 13628 --- [USER-AUTHENTICATION-SERVICE] [restartedMain] DiscoveryClientOptionalArgsConfiguration : Eureka HTTP Client uses RestTemplate.
2025-09-02T09:54:32.256+05:30  WARN 13628 --- [USER-AUTHENTICATION-SERVICE] [restartedMain] iguration$LoadBalancerCaffeineWarnLogger : Spring Cloud LoadBalancer is currently working with the default cache. While this cache implementation is useful for development and tests, it's recommended to use Caffeine cache in production.You can switch to using Caffeine cache, by adding it and org.springframework.cache.caffeine.CaffeineCacheManager to the classpath.
2025-09-02T09:54:32.397+05:30  INFO 13628 --- [USER-AUTHENTICATION-SERVICE] [restartedMain] o.s.c.n.eureka.InstanceInfoFactory       : Setting initial instance status as: STARTING
2025-09-02T09:54:32.492+05:30  INFO 13628 --- [USER-AUTHENTICATION-SERVICE] [restartedMain] com.netflix.discovery.DiscoveryClient    : Initializing Eureka in region us-east-1
2025-09-02T09:54:32.509+05:30  INFO 13628 --- [USER-AUTHENTICATION-SERVICE] [restartedMain] c.n.d.s.r.aws.ConfigClusterResolver      : Resolving eureka endpoints via configuration
2025-09-02T09:54:32.534+05:30  INFO 13628 --- [USER-AUTHENTICATION-SERVICE] [restartedMain] com.netflix.discovery.DiscoveryClient    : Disable delta property : false
2025-09-02T09:54:32.535+05:30  INFO 13628 --- [USER-AUTHENTICATION-SERVICE] [restartedMain] com.netflix.discovery.DiscoveryClient    : Single vip registry refresh property : null
2025-09-02T09:54:32.535+05:30  INFO 13628 --- [USER-AUTHENTICATION-SERVICE] [restartedMain] com.netflix.discovery.DiscoveryClient    : Force full registry fetch : false
2025-09-02T09:54:32.536+05:30  INFO 13628 --- [USER-AUTHENTICATION-SERVICE] [restartedMain] com.netflix.discovery.DiscoveryClient    : Application is null : false
2025-09-02T09:54:32.536+05:30  INFO 13628 --- [USER-AUTHENTICATION-SERVICE] [restartedMain] com.netflix.discovery.DiscoveryClient    : Registered Applications size is zero : true
2025-09-02T09:54:32.536+05:30  INFO 13628 --- [USER-AUTHENTICATION-SERVICE] [restartedMain] com.netflix.discovery.DiscoveryClient    : Application version is -1: true
2025-09-02T09:54:32.536+05:30  INFO 13628 --- [USER-AUTHENTICATION-SERVICE] [restartedMain] com.netflix.discovery.DiscoveryClient    : Getting all instance registry info from the eureka server
2025-09-02T09:54:33.194+05:30  INFO 13628 --- [USER-AUTHENTICATION-SERVICE] [restartedMain] com.netflix.discovery.DiscoveryClient    : The response status is 200
2025-09-02T09:54:33.198+05:30  INFO 13628 --- [USER-AUTHENTICATION-SERVICE] [restartedMain] com.netflix.discovery.DiscoveryClient    : Starting heartbeat executor: renew interval is: 30
2025-09-02T09:54:33.204+05:30  INFO 13628 --- [USER-AUTHENTICATION-SERVICE] [restartedMain] c.n.discovery.InstanceInfoReplicator     : InstanceInfoReplicator onDemand update allowed rate per min is 4
2025-09-02T09:54:33.206+05:30  INFO 13628 --- [USER-AUTHENTICATION-SERVICE] [restartedMain] com.netflix.discovery.DiscoveryClient    : Discovery Client initialized at timestamp 1756787073206 with initial instances count: 1
2025-09-02T09:54:33.223+05:30  INFO 13628 --- [USER-AUTHENTICATION-SERVICE] [restartedMain] o.s.c.n.e.s.EurekaServiceRegistry        : Registering application USER-AUTHENTICATION-SERVICE with eureka with status UP
2025-09-02T09:54:33.225+05:30  INFO 13628 --- [USER-AUTHENTICATION-SERVICE] [restartedMain] com.netflix.discovery.DiscoveryClient    : Saw local status change event StatusChangeEvent [timestamp=1756787073225, current=UP, previous=STARTING]
2025-09-02T09:54:33.230+05:30  INFO 13628 --- [USER-AUTHENTICATION-SERVICE] [DiscoveryClient-InstanceInfoReplicator-%d] com.netflix.discovery.DiscoveryClient    : DiscoveryClient_USER-AUTHENTICATION-SERVICE/192.168.1.5:USER-AUTHENTICATION-SERVICE:8087: registering service...
2025-09-02T09:54:33.273+05:30  INFO 13628 --- [USER-AUTHENTICATION-SERVICE] [restartedMain] o.s.b.w.embedded.tomcat.TomcatWebServer  : Tomcat started on port 8087 (http) with context path '/'
2025-09-02T09:54:33.275+05:30  INFO 13628 --- [USER-AUTHENTICATION-SERVICE] [restartedMain] .s.c.n.e.s.EurekaAutoServiceRegistration : Updating port to 8087
2025-09-02T09:54:33.308+05:30  INFO 13628 --- [USER-AUTHENTICATION-SERVICE] [restartedMain] c.example.CarerOutfitServerApplication   : Started CarerOutfitServerApplication in 19.01 seconds (process running for 20.455)
2025-09-02T09:54:33.350+05:30  INFO 13628 --- [USER-AUTHENTICATION-SERVICE] [DiscoveryClient-InstanceInfoReplicator-%d] com.netflix.discovery.DiscoveryClient    : DiscoveryClient_USER-AUTHENTICATION-SERVICE/192.168.1.5:USER-AUTHENTICATION-SERVICE:8087 - registration status: 204
2025-09-02T09:59:32.567+05:30  INFO 13628 --- [USER-AUTHENTICATION-SERVICE] [AsyncResolver-bootstrap-executor-%d] c.n.d.s.r.aws.ConfigClusterResolver      : Resolving eureka endpoints via configuration
2025-09-02T10:04:32.643+05:30  INFO 13628 --- [USER-AUTHENTICATION-SERVICE] [AsyncResolver-bootstrap-executor-%d] c.n.d.s.r.aws.ConfigClusterResolver      : Resolving eureka endpoints via configuration
2025-09-02T10:09:32.677+05:30  INFO 13628 --- [USER-AUTHENTICATION-SERVICE] [AsyncResolver-bootstrap-executor-%d] c.n.d.s.r.aws.ConfigClusterResolver      : Resolving eureka endpoints via configuration
2025-09-02T10:14:32.695+05:30  INFO 13628 --- [USER-AUTHENTICATION-SERVICE] [AsyncResolver-bootstrap-executor-%d] c.n.d.s.r.aws.ConfigClusterResolver      : Resolving eureka endpoints via configuration
2025-09-02T10:19:32.715+05:30  INFO 13628 --- [USER-AUTHENTICATION-SERVICE] [AsyncResolver-bootstrap-executor-%d] c.n.d.s.r.aws.ConfigClusterResolver      : Resolving eureka endpoints via configuration
2025-09-02T10:24:32.936+05:30  INFO 13628 --- [USER-AUTHENTICATION-SERVICE] [AsyncResolver-bootstrap-executor-%d] c.n.d.s.r.aws.ConfigClusterResolver      : Resolving eureka endpoints via configuration
2025-09-02T10:29:33.499+05:30  INFO 13628 --- [USER-AUTHENTICATION-SERVICE] [AsyncResolver-bootstrap-executor-%d] c.n.d.s.r.aws.ConfigClusterResolver      : Resolving eureka endpoints via configuration
2025-09-02T10:34:33.572+05:30  INFO 13628 --- [USER-AUTHENTICATION-SERVICE] [AsyncResolver-bootstrap-executor-%d] c.n.d.s.r.aws.ConfigClusterResolver      : Resolving eureka endpoints via configuration
2025-09-02T10:39:33.603+05:30  INFO 13628 --- [USER-AUTHENTICATION-SERVICE] [AsyncResolver-bootstrap-executor-%d] c.n.d.s.r.aws.ConfigClusterResolver      : Resolving eureka endpoints via configuration
2025-09-02T10:44:33.646+05:30  INFO 13628 --- [USER-AUTHENTICATION-SERVICE] [AsyncResolver-bootstrap-executor-%d] c.n.d.s.r.aws.ConfigClusterResolver      : Resolving eureka endpoints via configuration
2025-09-02T10:49:33.698+05:30  INFO 13628 --- [USER-AUTHENTICATION-SERVICE] [AsyncResolver-bootstrap-executor-%d] c.n.d.s.r.aws.ConfigClusterResolver      : Resolving eureka endpoints via configuration
2025-09-02T10:54:35.811+05:30  INFO 13628 --- [USER-AUTHENTICATION-SERVICE] [AsyncResolver-bootstrap-executor-%d] c.n.d.s.r.aws.ConfigClusterResolver      : Resolving eureka endpoints via configuration
2025-09-02T10:59:37.380+05:30  INFO 13628 --- [USER-AUTHENTICATION-SERVICE] [AsyncResolver-bootstrap-executor-%d] c.n.d.s.r.aws.ConfigClusterResolver      : Resolving eureka endpoints via configuration
2025-09-02T11:04:37.461+05:30  INFO 13628 --- [USER-AUTHENTICATION-SERVICE] [AsyncResolver-bootstrap-executor-%d] c.n.d.s.r.aws.ConfigClusterResolver      : Resolving eureka endpoints via configuration
2025-09-02T11:09:37.504+05:30  INFO 13628 --- [USER-AUTHENTICATION-SERVICE] [AsyncResolver-bootstrap-executor-%d] c.n.d.s.r.aws.ConfigClusterResolver      : Resolving eureka endpoints via configuration
2025-09-02T11:14:37.547+05:30  INFO 13628 --- [USER-AUTHENTICATION-SERVICE] [AsyncResolver-bootstrap-executor-%d] c.n.d.s.r.aws.ConfigClusterResolver      : Resolving eureka endpoints via configuration
2025-09-02T11:19:37.596+05:30  INFO 13628 --- [USER-AUTHENTICATION-SERVICE] [AsyncResolver-bootstrap-executor-%d] c.n.d.s.r.aws.ConfigClusterResolver      : Resolving eureka endpoints via configuration
2025-09-02T11:24:37.640+05:30  INFO 13628 --- [USER-AUTHENTICATION-SERVICE] [AsyncResolver-bootstrap-executor-%d] c.n.d.s.r.aws.ConfigClusterResolver      : Resolving eureka endpoints via configuration
2025-09-02T11:29:37.703+05:30  INFO 13628 --- [USER-AUTHENTICATION-SERVICE] [AsyncResolver-bootstrap-executor-%d] c.n.d.s.r.aws.ConfigClusterResolver      : Resolving eureka endpoints via configuration
2025-09-02T11:34:37.738+05:30  INFO 13628 --- [USER-AUTHENTICATION-SERVICE] [AsyncResolver-bootstrap-executor-%d] c.n.d.s.r.aws.ConfigClusterResolver      : Resolving eureka endpoints via configuration
2025-09-02T11:39:37.774+05:30  INFO 13628 --- [USER-AUTHENTICATION-SERVICE] [AsyncResolver-bootstrap-executor-%d] c.n.d.s.r.aws.ConfigClusterResolver      : Resolving eureka endpoints via configuration
2025-09-02T11:44:37.813+05:30  INFO 13628 --- [USER-AUTHENTICATION-SERVICE] [AsyncResolver-bootstrap-executor-%d] c.n.d.s.r.aws.ConfigClusterResolver      : Resolving eureka endpoints via configuration
2025-09-02T11:49:37.867+05:30  INFO 13628 --- [USER-AUTHENTICATION-SERVICE] [AsyncResolver-bootstrap-executor-%d] c.n.d.s.r.aws.ConfigClusterResolver      : Resolving eureka endpoints via configuration
2025-09-02T11:52:18.722+05:30  INFO 13628 --- [USER-AUTHENTICATION-SERVICE] [http-nio-8087-exec-2] o.a.c.c.C.[Tomcat].[localhost].[/]       : Initializing Spring DispatcherServlet 'dispatcherServlet'
2025-09-02T11:52:18.737+05:30  INFO 13628 --- [USER-AUTHENTICATION-SERVICE] [http-nio-8087-exec-2] o.s.web.servlet.DispatcherServlet        : Initializing Servlet 'dispatcherServlet'
2025-09-02T11:52:18.932+05:30  INFO 13628 --- [USER-AUTHENTICATION-SERVICE] [http-nio-8087-exec-2] o.s.web.servlet.DispatcherServlet        : Completed initialization in 190 ms
2025-09-02T11:54:37.912+05:30  INFO 13628 --- [USER-AUTHENTICATION-SERVICE] [AsyncResolver-bootstrap-executor-%d] c.n.d.s.r.aws.ConfigClusterResolver      : Resolving eureka endpoints via configuration
2025-09-02T11:59:37.968+05:30  INFO 13628 --- [USER-AUTHENTICATION-SERVICE] [AsyncResolver-bootstrap-executor-%d] c.n.d.s.r.aws.ConfigClusterResolver      : Resolving eureka endpoints via configuration
2025-09-02T12:04:38.009+05:30  INFO 13628 --- [USER-AUTHENTICATION-SERVICE] [AsyncResolver-bootstrap-executor-%d] c.n.d.s.r.aws.ConfigClusterResolver      : Resolving eureka endpoints via configuration
2025-09-02T12:09:38.059+05:30  INFO 13628 --- [USER-AUTHENTICATION-SERVICE] [AsyncResolver-bootstrap-executor-%d] c.n.d.s.r.aws.ConfigClusterResolver      : Resolving eureka endpoints via configuration
2025-09-02T12:11:07.301+05:30  INFO 13628 --- [USER-AUTHENTICATION-SERVICE] [RMI TCP Connection(157)-127.0.0.1] inMXBeanRegistrar$SpringApplicationAdmin : Application shutdown requested.
2025-09-02T12:11:07.379+05:30  INFO 13628 --- [USER-AUTHENTICATION-SERVICE] [RMI TCP Connection(157)-127.0.0.1] o.s.c.n.e.s.EurekaServiceRegistry        : Unregistering application USER-AUTHENTICATION-SERVICE with eureka with status DOWN
2025-09-02T12:11:07.383+05:30  INFO 13628 --- [USER-AUTHENTICATION-SERVICE] [RMI TCP Connection(157)-127.0.0.1] com.netflix.discovery.DiscoveryClient    : Saw local status change event StatusChangeEvent [timestamp=1756795267383, current=DOWN, previous=UP]
2025-09-02T12:11:07.385+05:30  INFO 13628 --- [USER-AUTHENTICATION-SERVICE] [DiscoveryClient-InstanceInfoReplicator-%d] com.netflix.discovery.DiscoveryClient    : DiscoveryClient_USER-AUTHENTICATION-SERVICE/192.168.1.5:USER-AUTHENTICATION-SERVICE:8087: registering service...
2025-09-02T12:11:07.511+05:30  INFO 13628 --- [USER-AUTHENTICATION-SERVICE] [DiscoveryClient-InstanceInfoReplicator-%d] com.netflix.discovery.DiscoveryClient    : DiscoveryClient_USER-AUTHENTICATION-SERVICE/192.168.1.5:USER-AUTHENTICATION-SERVICE:8087 - registration status: 204
2025-09-02T12:11:07.532+05:30  INFO 13628 --- [USER-AUTHENTICATION-SERVICE] [RMI TCP Connection(157)-127.0.0.1] o.s.b.w.e.tomcat.GracefulShutdown        : Commencing graceful shutdown. Waiting for active requests to complete
2025-09-02T12:11:07.571+05:30  INFO 13628 --- [USER-AUTHENTICATION-SERVICE] [tomcat-shutdown] o.s.b.w.e.tomcat.GracefulShutdown        : Graceful shutdown complete
2025-09-02T12:11:07.656+05:30  INFO 13628 --- [USER-AUTHENTICATION-SERVICE] [RMI TCP Connection(157)-127.0.0.1] j.LocalContainerEntityManagerFactoryBean : Closing JPA EntityManagerFactory for persistence unit 'default'
2025-09-02T12:11:07.731+05:30  INFO 13628 --- [USER-AUTHENTICATION-SERVICE] [RMI TCP Connection(157)-127.0.0.1] com.zaxxer.hikari.HikariDataSource       : HikariPool-1 - Shutdown initiated...
2025-09-02T12:11:07.754+05:30  INFO 13628 --- [USER-AUTHENTICATION-SERVICE] [RMI TCP Connection(157)-127.0.0.1] com.zaxxer.hikari.HikariDataSource       : HikariPool-1 - Shutdown completed.
2025-09-02T12:11:07.757+05:30  INFO 13628 --- [USER-AUTHENTICATION-SERVICE] [RMI TCP Connection(157)-127.0.0.1] com.netflix.discovery.DiscoveryClient    : Shutting down DiscoveryClient ...
2025-09-02T12:11:10.765+05:30  INFO 13628 --- [USER-AUTHENTICATION-SERVICE] [RMI TCP Connection(157)-127.0.0.1] com.netflix.discovery.DiscoveryClient    : Unregistering ...
2025-09-02T12:11:10.826+05:30  INFO 13628 --- [USER-AUTHENTICATION-SERVICE] [RMI TCP Connection(157)-127.0.0.1] com.netflix.discovery.DiscoveryClient    : DiscoveryClient_USER-AUTHENTICATION-SERVICE/192.168.1.5:USER-AUTHENTICATION-SERVICE:8087 - deregister  status: 200
2025-09-02T12:11:10.828+05:30  INFO 13628 --- [USER-AUTHENTICATION-SERVICE] [RMI TCP Connection(157)-127.0.0.1] com.netflix.discovery.DiscoveryClient    : Completed shut down of DiscoveryClient
2025-09-02T15:23:32.720+05:30  INFO 31032 --- [USER-AUTHENTICATION-SERVICE] [restartedMain] c.example.CarerOutfitServerApplication   : Starting CarerOutfitServerApplication using Java 21.0.7 with PID 31032 (C:\Users\harsh\Documents\workspace-spring-tools-for-eclipse-4.31.0.RELEASE\UserAuth-Server\target\classes started by harsh in C:\Users\harsh\Documents\workspace-spring-tools-for-eclipse-4.31.0.RELEASE\UserAuth-Server)
2025-09-02T15:23:32.724+05:30  INFO 31032 --- [USER-AUTHENTICATION-SERVICE] [restartedMain] c.example.CarerOutfitServerApplication   : No active profile set, falling back to 1 default profile: "default"
2025-09-02T15:23:32.810+05:30  INFO 31032 --- [USER-AUTHENTICATION-SERVICE] [restartedMain] o.s.c.c.c.ConfigServerConfigDataLoader   : Fetching config from server at : http://localhost:8079
2025-09-02T15:23:32.811+05:30  INFO 31032 --- [USER-AUTHENTICATION-SERVICE] [restartedMain] o.s.c.c.c.ConfigServerConfigDataLoader   : Located environment: name=USER-AUTHENTICATION-SERVICE, profiles=[default], label=null, version=14dadc3e11ddbe0225635e5e5bfece5c2269a127, state=
2025-09-02T15:23:32.815+05:30  INFO 31032 --- [USER-AUTHENTICATION-SERVICE] [restartedMain] .e.DevToolsPropertyDefaultsPostProcessor : Devtools property defaults active! Set 'spring.devtools.add-properties' to 'false' to disable
2025-09-02T15:23:32.815+05:30  INFO 31032 --- [USER-AUTHENTICATION-SERVICE] [restartedMain] .e.DevToolsPropertyDefaultsPostProcessor : For additional web related logging consider setting the 'logging.level.web' property to 'DEBUG'
2025-09-02T15:23:34.766+05:30  INFO 31032 --- [USER-AUTHENTICATION-SERVICE] [restartedMain] .s.d.r.c.RepositoryConfigurationDelegate : Bootstrapping Spring Data JPA repositories in DEFAULT mode.
2025-09-02T15:23:35.017+05:30  INFO 31032 --- [USER-AUTHENTICATION-SERVICE] [restartedMain] .s.d.r.c.RepositoryConfigurationDelegate : Finished Spring Data repository scanning in 237 ms. Found 2 JPA repository interfaces.
2025-09-02T15:23:35.473+05:30  INFO 31032 --- [USER-AUTHENTICATION-SERVICE] [restartedMain] o.s.cloud.context.scope.GenericScope     : BeanFactory id=65e4dd6f-706b-389a-bedb-4d63ccb4804f
2025-09-02T15:23:36.399+05:30  INFO 31032 --- [USER-AUTHENTICATION-SERVICE] [restartedMain] o.s.b.w.embedded.tomcat.TomcatWebServer  : Tomcat initialized with port 8087 (http)
2025-09-02T15:23:36.422+05:30  INFO 31032 --- [USER-AUTHENTICATION-SERVICE] [restartedMain] o.apache.catalina.core.StandardService   : Starting service [Tomcat]
2025-09-02T15:23:36.424+05:30  INFO 31032 --- [USER-AUTHENTICATION-SERVICE] [restartedMain] o.apache.catalina.core.StandardEngine    : Starting Servlet engine: [Apache Tomcat/10.1.44]
2025-09-02T15:23:36.496+05:30  INFO 31032 --- [USER-AUTHENTICATION-SERVICE] [restartedMain] o.a.c.c.C.[Tomcat].[localhost].[/]       : Initializing Spring embedded WebApplicationContext
2025-09-02T15:23:36.497+05:30  INFO 31032 --- [USER-AUTHENTICATION-SERVICE] [restartedMain] w.s.c.ServletWebServerApplicationContext : Root WebApplicationContext: initialization completed in 3681 ms
2025-09-02T15:23:36.996+05:30  INFO 31032 --- [USER-AUTHENTICATION-SERVICE] [restartedMain] o.hibernate.jpa.internal.util.LogHelper  : HHH000204: Processing PersistenceUnitInfo [name: default]
2025-09-02T15:23:37.069+05:30  INFO 31032 --- [USER-AUTHENTICATION-SERVICE] [restartedMain] org.hibernate.Version                    : HHH000412: Hibernate ORM core version 6.6.26.Final
2025-09-02T15:23:37.119+05:30  INFO 31032 --- [USER-AUTHENTICATION-SERVICE] [restartedMain] o.h.c.internal.RegionFactoryInitiator    : HHH000026: Second-level cache disabled
2025-09-02T15:23:37.486+05:30  INFO 31032 --- [USER-AUTHENTICATION-SERVICE] [restartedMain] o.s.o.j.p.SpringPersistenceUnitInfo      : No LoadTimeWeaver setup: ignoring JPA class transformer
2025-09-02T15:23:37.532+05:30  INFO 31032 --- [USER-AUTHENTICATION-SERVICE] [restartedMain] com.zaxxer.hikari.HikariDataSource       : HikariPool-1 - Starting...
2025-09-02T15:23:38.287+05:30  INFO 31032 --- [USER-AUTHENTICATION-SERVICE] [restartedMain] com.zaxxer.hikari.pool.HikariPool        : HikariPool-1 - Added connection com.mysql.cj.jdbc.ConnectionImpl@232b4cd
2025-09-02T15:23:38.290+05:30  INFO 31032 --- [USER-AUTHENTICATION-SERVICE] [restartedMain] com.zaxxer.hikari.HikariDataSource       : HikariPool-1 - Start completed.
2025-09-02T15:23:38.587+05:30  INFO 31032 --- [USER-AUTHENTICATION-SERVICE] [restartedMain] org.hibernate.orm.connections.pooling    : HHH10001005: Database info:
	Database JDBC URL [Connecting through datasource 'HikariDataSource (HikariPool-1)']
	Database driver: undefined/unknown
	Database version: 8.0.43
	Autocommit mode: undefined/unknown
	Isolation level: undefined/unknown
	Minimum pool size: undefined/unknown
	Maximum pool size: undefined/unknown
2025-09-02T15:23:39.993+05:30  INFO 31032 --- [USER-AUTHENTICATION-SERVICE] [restartedMain] o.h.e.t.j.p.i.JtaPlatformInitiator       : HHH000489: No JTA platform available (set 'hibernate.transaction.jta.platform' to enable JTA platform integration)
2025-09-02T15:23:40.424+05:30  INFO 31032 --- [USER-AUTHENTICATION-SERVICE] [restartedMain] j.LocalContainerEntityManagerFactoryBean : Initialized JPA EntityManagerFactory for persistence unit 'default'
2025-09-02T15:23:41.162+05:30 DEBUG 31032 --- [USER-AUTHENTICATION-SERVICE] [restartedMain] org.hibernate.SQL                        : 
    select
        u1_0.id,
        u1_0.email,
        u1_0.name,
        u1_0.password,
        u1_0.user_role 
    from
        user u1_0 
    where
        u1_0.user_role=?
2025-09-02T15:23:41.286+05:30  INFO 31032 --- [USER-AUTHENTICATION-SERVICE] [restartedMain] eAuthenticationProviderManagerConfigurer : Global AuthenticationManager configured with AuthenticationProvider bean with name authenticationProvider
2025-09-02T15:23:41.348+05:30  WARN 31032 --- [USER-AUTHENTICATION-SERVICE] [restartedMain] JpaBaseConfiguration$JpaWebConfiguration : spring.jpa.open-in-view is enabled by default. Therefore, database queries may be performed during view rendering. Explicitly configure spring.jpa.open-in-view to disable this warning
2025-09-02T15:23:41.968+05:30  INFO 31032 --- [USER-AUTHENTICATION-SERVICE] [restartedMain] o.s.b.a.e.web.EndpointLinksResolver      : Exposing 17 endpoints beneath base path '/actuator'
2025-09-02T15:23:42.964+05:30  INFO 31032 --- [USER-AUTHENTICATION-SERVICE] [restartedMain] o.s.b.d.a.OptionalLiveReloadServer       : LiveReload server is running on port 35729
2025-09-02T15:23:43.042+05:30  INFO 31032 --- [USER-AUTHENTICATION-SERVICE] [restartedMain] DiscoveryClientOptionalArgsConfiguration : Eureka HTTP Client uses RestTemplate.
2025-09-02T15:23:43.112+05:30  WARN 31032 --- [USER-AUTHENTICATION-SERVICE] [restartedMain] iguration$LoadBalancerCaffeineWarnLogger : Spring Cloud LoadBalancer is currently working with the default cache. While this cache implementation is useful for development and tests, it's recommended to use Caffeine cache in production.You can switch to using Caffeine cache, by adding it and org.springframework.cache.caffeine.CaffeineCacheManager to the classpath.
2025-09-02T15:23:43.233+05:30  INFO 31032 --- [USER-AUTHENTICATION-SERVICE] [restartedMain] o.s.c.n.eureka.InstanceInfoFactory       : Setting initial instance status as: STARTING
2025-09-02T15:23:43.269+05:30  INFO 31032 --- [USER-AUTHENTICATION-SERVICE] [restartedMain] com.netflix.discovery.DiscoveryClient    : Initializing Eureka in region us-east-1
2025-09-02T15:23:43.280+05:30  INFO 31032 --- [USER-AUTHENTICATION-SERVICE] [restartedMain] c.n.d.s.r.aws.ConfigClusterResolver      : Resolving eureka endpoints via configuration
2025-09-02T15:23:43.298+05:30  INFO 31032 --- [USER-AUTHENTICATION-SERVICE] [restartedMain] com.netflix.discovery.DiscoveryClient    : Disable delta property : false
2025-09-02T15:23:43.298+05:30  INFO 31032 --- [USER-AUTHENTICATION-SERVICE] [restartedMain] com.netflix.discovery.DiscoveryClient    : Single vip registry refresh property : null
2025-09-02T15:23:43.298+05:30  INFO 31032 --- [USER-AUTHENTICATION-SERVICE] [restartedMain] com.netflix.discovery.DiscoveryClient    : Force full registry fetch : false
2025-09-02T15:23:43.298+05:30  INFO 31032 --- [USER-AUTHENTICATION-SERVICE] [restartedMain] com.netflix.discovery.DiscoveryClient    : Application is null : false
2025-09-02T15:23:43.299+05:30  INFO 31032 --- [USER-AUTHENTICATION-SERVICE] [restartedMain] com.netflix.discovery.DiscoveryClient    : Registered Applications size is zero : true
2025-09-02T15:23:43.299+05:30  INFO 31032 --- [USER-AUTHENTICATION-SERVICE] [restartedMain] com.netflix.discovery.DiscoveryClient    : Application version is -1: true
2025-09-02T15:23:43.299+05:30  INFO 31032 --- [USER-AUTHENTICATION-SERVICE] [restartedMain] com.netflix.discovery.DiscoveryClient    : Getting all instance registry info from the eureka server
2025-09-02T15:23:43.840+05:30  INFO 31032 --- [USER-AUTHENTICATION-SERVICE] [restartedMain] com.netflix.discovery.DiscoveryClient    : The response status is 200
2025-09-02T15:23:43.845+05:30  INFO 31032 --- [USER-AUTHENTICATION-SERVICE] [restartedMain] com.netflix.discovery.DiscoveryClient    : Starting heartbeat executor: renew interval is: 30
2025-09-02T15:23:43.852+05:30  INFO 31032 --- [USER-AUTHENTICATION-SERVICE] [restartedMain] c.n.discovery.InstanceInfoReplicator     : InstanceInfoReplicator onDemand update allowed rate per min is 4
2025-09-02T15:23:43.855+05:30  INFO 31032 --- [USER-AUTHENTICATION-SERVICE] [restartedMain] com.netflix.discovery.DiscoveryClient    : Discovery Client initialized at timestamp 1756806823854 with initial instances count: 1
2025-09-02T15:23:43.868+05:30  INFO 31032 --- [USER-AUTHENTICATION-SERVICE] [restartedMain] o.s.c.n.e.s.EurekaServiceRegistry        : Registering application USER-AUTHENTICATION-SERVICE with eureka with status UP
2025-09-02T15:23:43.871+05:30  INFO 31032 --- [USER-AUTHENTICATION-SERVICE] [restartedMain] com.netflix.discovery.DiscoveryClient    : Saw local status change event StatusChangeEvent [timestamp=1756806823870, current=UP, previous=STARTING]
2025-09-02T15:23:43.876+05:30  INFO 31032 --- [USER-AUTHENTICATION-SERVICE] [DiscoveryClient-InstanceInfoReplicator-%d] com.netflix.discovery.DiscoveryClient    : DiscoveryClient_USER-AUTHENTICATION-SERVICE/192.168.1.5:USER-AUTHENTICATION-SERVICE:8087: registering service...
2025-09-02T15:23:43.922+05:30  INFO 31032 --- [USER-AUTHENTICATION-SERVICE] [restartedMain] o.s.b.w.embedded.tomcat.TomcatWebServer  : Tomcat started on port 8087 (http) with context path '/'
2025-09-02T15:23:43.924+05:30  INFO 31032 --- [USER-AUTHENTICATION-SERVICE] [restartedMain] .s.c.n.e.s.EurekaAutoServiceRegistration : Updating port to 8087
2025-09-02T15:23:43.954+05:30  INFO 31032 --- [USER-AUTHENTICATION-SERVICE] [restartedMain] c.example.CarerOutfitServerApplication   : Started CarerOutfitServerApplication in 17.372 seconds (process running for 18.843)
2025-09-02T15:23:43.962+05:30  INFO 31032 --- [USER-AUTHENTICATION-SERVICE] [DiscoveryClient-InstanceInfoReplicator-%d] com.netflix.discovery.DiscoveryClient    : DiscoveryClient_USER-AUTHENTICATION-SERVICE/192.168.1.5:USER-AUTHENTICATION-SERVICE:8087 - registration status: 204
2025-09-02T15:28:43.323+05:30  INFO 31032 --- [USER-AUTHENTICATION-SERVICE] [AsyncResolver-bootstrap-executor-%d] c.n.d.s.r.aws.ConfigClusterResolver      : Resolving eureka endpoints via configuration
2025-09-02T15:33:43.390+05:30  INFO 31032 --- [USER-AUTHENTICATION-SERVICE] [AsyncResolver-bootstrap-executor-%d] c.n.d.s.r.aws.ConfigClusterResolver      : Resolving eureka endpoints via configuration
2025-09-02T15:38:43.439+05:30  INFO 31032 --- [USER-AUTHENTICATION-SERVICE] [AsyncResolver-bootstrap-executor-%d] c.n.d.s.r.aws.ConfigClusterResolver      : Resolving eureka endpoints via configuration
2025-09-02T15:43:43.472+05:30  INFO 31032 --- [USER-AUTHENTICATION-SERVICE] [AsyncResolver-bootstrap-executor-%d] c.n.d.s.r.aws.ConfigClusterResolver      : Resolving eureka endpoints via configuration
2025-09-02T15:48:43.507+05:30  INFO 31032 --- [USER-AUTHENTICATION-SERVICE] [AsyncResolver-bootstrap-executor-%d] c.n.d.s.r.aws.ConfigClusterResolver      : Resolving eureka endpoints via configuration
2025-09-02T15:53:43.544+05:30  INFO 31032 --- [USER-AUTHENTICATION-SERVICE] [AsyncResolver-bootstrap-executor-%d] c.n.d.s.r.aws.ConfigClusterResolver      : Resolving eureka endpoints via configuration
2025-09-02T15:58:43.588+05:30  INFO 31032 --- [USER-AUTHENTICATION-SERVICE] [AsyncResolver-bootstrap-executor-%d] c.n.d.s.r.aws.ConfigClusterResolver      : Resolving eureka endpoints via configuration
2025-09-02T16:03:43.607+05:30  INFO 31032 --- [USER-AUTHENTICATION-SERVICE] [AsyncResolver-bootstrap-executor-%d] c.n.d.s.r.aws.ConfigClusterResolver      : Resolving eureka endpoints via configuration
2025-09-02T16:08:43.642+05:30  INFO 31032 --- [USER-AUTHENTICATION-SERVICE] [AsyncResolver-bootstrap-executor-%d] c.n.d.s.r.aws.ConfigClusterResolver      : Resolving eureka endpoints via configuration
2025-09-02T16:13:43.649+05:30  INFO 31032 --- [USER-AUTHENTICATION-SERVICE] [AsyncResolver-bootstrap-executor-%d] c.n.d.s.r.aws.ConfigClusterResolver      : Resolving eureka endpoints via configuration
2025-09-02T16:18:43.660+05:30  INFO 31032 --- [USER-AUTHENTICATION-SERVICE] [AsyncResolver-bootstrap-executor-%d] c.n.d.s.r.aws.ConfigClusterResolver      : Resolving eureka endpoints via configuration
2025-09-02T16:23:43.685+05:30  INFO 31032 --- [USER-AUTHENTICATION-SERVICE] [AsyncResolver-bootstrap-executor-%d] c.n.d.s.r.aws.ConfigClusterResolver      : Resolving eureka endpoints via configuration
2025-09-02T16:28:43.749+05:30  INFO 31032 --- [USER-AUTHENTICATION-SERVICE] [AsyncResolver-bootstrap-executor-%d] c.n.d.s.r.aws.ConfigClusterResolver      : Resolving eureka endpoints via configuration
2025-09-02T16:33:43.782+05:30  INFO 31032 --- [USER-AUTHENTICATION-SERVICE] [AsyncResolver-bootstrap-executor-%d] c.n.d.s.r.aws.ConfigClusterResolver      : Resolving eureka endpoints via configuration
2025-09-02T16:38:43.819+05:30  INFO 31032 --- [USER-AUTHENTICATION-SERVICE] [AsyncResolver-bootstrap-executor-%d] c.n.d.s.r.aws.ConfigClusterResolver      : Resolving eureka endpoints via configuration
2025-09-02T16:43:43.851+05:30  INFO 31032 --- [USER-AUTHENTICATION-SERVICE] [AsyncResolver-bootstrap-executor-%d] c.n.d.s.r.aws.ConfigClusterResolver      : Resolving eureka endpoints via configuration
2025-09-02T16:48:43.875+05:30  INFO 31032 --- [USER-AUTHENTICATION-SERVICE] [AsyncResolver-bootstrap-executor-%d] c.n.d.s.r.aws.ConfigClusterResolver      : Resolving eureka endpoints via configuration
2025-09-02T16:53:43.902+05:30  INFO 31032 --- [USER-AUTHENTICATION-SERVICE] [AsyncResolver-bootstrap-executor-%d] c.n.d.s.r.aws.ConfigClusterResolver      : Resolving eureka endpoints via configuration
2025-09-02T16:58:43.938+05:30  INFO 31032 --- [USER-AUTHENTICATION-SERVICE] [AsyncResolver-bootstrap-executor-%d] c.n.d.s.r.aws.ConfigClusterResolver      : Resolving eureka endpoints via configuration
2025-09-02T17:03:43.973+05:30  INFO 31032 --- [USER-AUTHENTICATION-SERVICE] [AsyncResolver-bootstrap-executor-%d] c.n.d.s.r.aws.ConfigClusterResolver      : Resolving eureka endpoints via configuration
2025-09-02T17:08:43.999+05:30  INFO 31032 --- [USER-AUTHENTICATION-SERVICE] [AsyncResolver-bootstrap-executor-%d] c.n.d.s.r.aws.ConfigClusterResolver      : Resolving eureka endpoints via configuration
2025-09-02T17:13:44.026+05:30  INFO 31032 --- [USER-AUTHENTICATION-SERVICE] [AsyncResolver-bootstrap-executor-%d] c.n.d.s.r.aws.ConfigClusterResolver      : Resolving eureka endpoints via configuration
2025-09-02T17:18:44.059+05:30  INFO 31032 --- [USER-AUTHENTICATION-SERVICE] [AsyncResolver-bootstrap-executor-%d] c.n.d.s.r.aws.ConfigClusterResolver      : Resolving eureka endpoints via configuration
2025-09-02T17:23:44.070+05:30  INFO 31032 --- [USER-AUTHENTICATION-SERVICE] [AsyncResolver-bootstrap-executor-%d] c.n.d.s.r.aws.ConfigClusterResolver      : Resolving eureka endpoints via configuration
2025-09-02T17:28:44.084+05:30  INFO 31032 --- [USER-AUTHENTICATION-SERVICE] [AsyncResolver-bootstrap-executor-%d] c.n.d.s.r.aws.ConfigClusterResolver      : Resolving eureka endpoints via configuration
2025-09-02T17:33:44.106+05:30  INFO 31032 --- [USER-AUTHENTICATION-SERVICE] [AsyncResolver-bootstrap-executor-%d] c.n.d.s.r.aws.ConfigClusterResolver      : Resolving eureka endpoints via configuration
2025-09-02T17:38:44.176+05:30  INFO 31032 --- [USER-AUTHENTICATION-SERVICE] [AsyncResolver-bootstrap-executor-%d] c.n.d.s.r.aws.ConfigClusterResolver      : Resolving eureka endpoints via configuration
2025-09-02T17:40:35.034+05:30  INFO 31032 --- [USER-AUTHENTICATION-SERVICE] [RMI TCP Connection(171)-127.0.0.1] inMXBeanRegistrar$SpringApplicationAdmin : Application shutdown requested.
2025-09-02T17:40:35.208+05:30  INFO 31032 --- [USER-AUTHENTICATION-SERVICE] [RMI TCP Connection(171)-127.0.0.1] o.s.c.n.e.s.EurekaServiceRegistry        : Unregistering application USER-AUTHENTICATION-SERVICE with eureka with status DOWN
2025-09-02T17:40:35.212+05:30  INFO 31032 --- [USER-AUTHENTICATION-SERVICE] [RMI TCP Connection(171)-127.0.0.1] com.netflix.discovery.DiscoveryClient    : Saw local status change event StatusChangeEvent [timestamp=1756815035212, current=DOWN, previous=UP]
2025-09-02T17:40:35.217+05:30  INFO 31032 --- [USER-AUTHENTICATION-SERVICE] [DiscoveryClient-InstanceInfoReplicator-%d] com.netflix.discovery.DiscoveryClient    : DiscoveryClient_USER-AUTHENTICATION-SERVICE/192.168.1.5:USER-AUTHENTICATION-SERVICE:8087: registering service...
2025-09-02T17:40:35.352+05:30  INFO 31032 --- [USER-AUTHENTICATION-SERVICE] [DiscoveryClient-InstanceInfoReplicator-%d] com.netflix.discovery.DiscoveryClient    : DiscoveryClient_USER-AUTHENTICATION-SERVICE/192.168.1.5:USER-AUTHENTICATION-SERVICE:8087 - registration status: 204
2025-09-02T17:40:35.425+05:30  INFO 31032 --- [USER-AUTHENTICATION-SERVICE] [RMI TCP Connection(171)-127.0.0.1] o.s.b.w.e.tomcat.GracefulShutdown        : Commencing graceful shutdown. Waiting for active requests to complete
2025-09-02T17:40:35.485+05:30  INFO 31032 --- [USER-AUTHENTICATION-SERVICE] [tomcat-shutdown] o.s.b.w.e.tomcat.GracefulShutdown        : Graceful shutdown complete
2025-09-02T17:40:35.613+05:30  INFO 31032 --- [USER-AUTHENTICATION-SERVICE] [RMI TCP Connection(171)-127.0.0.1] j.LocalContainerEntityManagerFactoryBean : Closing JPA EntityManagerFactory for persistence unit 'default'
2025-09-02T17:40:35.736+05:30  INFO 31032 --- [USER-AUTHENTICATION-SERVICE] [RMI TCP Connection(171)-127.0.0.1] com.zaxxer.hikari.HikariDataSource       : HikariPool-1 - Shutdown initiated...
2025-09-02T17:40:35.769+05:30  INFO 31032 --- [USER-AUTHENTICATION-SERVICE] [RMI TCP Connection(171)-127.0.0.1] com.zaxxer.hikari.HikariDataSource       : HikariPool-1 - Shutdown completed.
2025-09-02T17:40:35.777+05:30  INFO 31032 --- [USER-AUTHENTICATION-SERVICE] [RMI TCP Connection(171)-127.0.0.1] com.netflix.discovery.DiscoveryClient    : Shutting down DiscoveryClient ...
2025-09-02T17:40:38.779+05:30  INFO 31032 --- [USER-AUTHENTICATION-SERVICE] [RMI TCP Connection(171)-127.0.0.1] com.netflix.discovery.DiscoveryClient    : Unregistering ...
2025-09-02T17:40:38.820+05:30  INFO 31032 --- [USER-AUTHENTICATION-SERVICE] [RMI TCP Connection(171)-127.0.0.1] com.netflix.discovery.DiscoveryClient    : DiscoveryClient_USER-AUTHENTICATION-SERVICE/192.168.1.5:USER-AUTHENTICATION-SERVICE:8087 - deregister  status: 200
2025-09-02T17:40:38.822+05:30  INFO 31032 --- [USER-AUTHENTICATION-SERVICE] [RMI TCP Connection(171)-127.0.0.1] com.netflix.discovery.DiscoveryClient    : Completed shut down of DiscoveryClient
